0 info it worked if it ends with ok
1 verbose cli [ '/Users/etinin/.nvm/versions/node/v4.2.3/bin/node',
1 verbose cli   '/Users/etinin/.nvm/versions/node/v4.2.3/bin/npm',
1 verbose cli   'run',
1 verbose cli   'watch-client' ]
2 info using npm@2.14.7
3 info using node@v4.2.3
4 verbose run-script [ 'prewatch-client', 'watch-client', 'postwatch-client' ]
5 info prewatch-client bblog@1.0.0
6 info watch-client bblog@1.0.0
7 verbose unsafe-perm in lifecycle true
8 info bblog@1.0.0 Failed to exec watch-client script
9 verbose stack Error: bblog@1.0.0 watch-client: `better-npm-run watch-client`
9 verbose stack Exit status 1
9 verbose stack     at EventEmitter.<anonymous> (/Users/etinin/.nvm/versions/node/v4.2.3/lib/node_modules/npm/lib/utils/lifecycle.js:214:16)
9 verbose stack     at emitTwo (events.js:87:13)
9 verbose stack     at EventEmitter.emit (events.js:172:7)
9 verbose stack     at ChildProcess.<anonymous> (/Users/etinin/.nvm/versions/node/v4.2.3/lib/node_modules/npm/lib/utils/spawn.js:24:14)
9 verbose stack     at emitTwo (events.js:87:13)
9 verbose stack     at ChildProcess.emit (events.js:172:7)
9 verbose stack     at maybeClose (internal/child_process.js:818:16)
9 verbose stack     at Process.ChildProcess._handle.onexit (internal/child_process.js:211:5)
10 verbose pkgid bblog@1.0.0
11 verbose cwd /Users/etinin/effy/bblog
12 error Darwin 15.4.0
13 error argv "/Users/etinin/.nvm/versions/node/v4.2.3/bin/node" "/Users/etinin/.nvm/versions/node/v4.2.3/bin/npm" "run" "watch-client"
14 error node v4.2.3
15 error npm  v2.14.7
16 error code ELIFECYCLE
17 error bblog@1.0.0 watch-client: `better-npm-run watch-client`
17 error Exit status 1
18 error Failed at the bblog@1.0.0 watch-client script 'better-npm-run watch-client'.
18 error This is most likely a problem with the bblog package,
18 error not with npm itself.
18 error Tell the author that this fails on your system:
18 error     better-npm-run watch-client
18 error You can get their info via:
18 error     npm owner ls bblog
18 error There is likely additional logging output above.
19 verbose exit [ 1, true ]
